2026-06-08 12:45:18,728 | INFO | Environment setup complete.
2026-06-08 12:46:50,706 | INFO | Loading datasets...
2026-06-08 12:46:51,936 | INFO | Train shape: (1017209, 9)
2026-06-08 12:46:51,938 | INFO | Test shape:  (41088, 8)
2026-06-08 12:46:51,939 | INFO | Store shape: (1115, 10)
2026-06-08 12:47:03,088 | INFO | Starting data cleaning pipeline...
2026-06-08 12:47:04,673 | INFO | Missing value plot saved.
2026-06-08 12:47:18,251 | INFO | Missing values in store data filled.
2026-06-08 12:47:18,471 | INFO | Train after removing closed stores: (844338, 9)
2026-06-08 12:47:18,670 | INFO | Train after merge: (844338, 18)
2026-06-08 12:47:27,033 | INFO | EDA: Promo distribution check...
2026-06-08 12:47:35,214 | INFO | EDA: Holiday sales behavior...
2026-06-08 12:47:39,257 | INFO | EDA: Seasonal patterns...
2026-06-08 12:47:43,431 | INFO | EDA: Sales vs Customers correlation...
2026-06-08 12:47:48,105 | INFO | EDA: Promo impact on sales and customers...
2026-06-08 12:47:49,202 | INFO | EDA: Optimal promo store selection...
2026-06-08 12:47:52,356 | INFO | EDA: Day of week trends...
2026-06-08 12:47:52,704 | INFO | Using categorical units to plot a list of strings that are all parsable as floats or dates. If these strings should be plotted as numbers, cast to the appropriate data type before plotting.
2026-06-08 12:47:52,706 | INFO | Using categorical units to plot a list of strings that are all parsable as floats or dates. If these strings should be plotted as numbers, cast to the appropriate data type before plotting.
2026-06-08 12:47:53,243 | INFO | EDA: Assortment type impact...
2026-06-08 12:47:55,385 | INFO | EDA: Competitor distance impact...
2026-06-08 12:47:55,964 | INFO | EDA: New competitor effect...
2026-06-08 12:47:56,753 | INFO | Feature engineering started...
2026-06-08 12:48:17,370 | INFO | Feature engineering complete. Train columns: 43
2026-06-08 12:48:19,540 | INFO | Correlation heatmap plotted.
2026-06-08 12:48:19,682 | INFO | Preparing model features...
2026-06-08 12:48:20,270 | INFO | Train/Val split done: 675470 train, 168868 val samples.
2026-06-08 12:48:20,353 | INFO | Building Random Forest pipeline...
2026-06-08 12:52:11,212 | INFO | Random Forest training complete.
2026-06-08 12:52:12,476 | INFO | RF Validation — RMSE: 1681.59, RMSPE: 0.2619, R˛: 0.7070
2026-06-08 12:52:14,167 | INFO | Computing feature importance...
2026-06-08 12:52:15,052 | INFO | Estimating prediction confidence intervals via bootstrap...
2026-06-08 15:25:00,989 | INFO | Confidence interval estimation complete.
2026-06-08 15:25:01,277 | INFO | Serializing model...
2026-06-08 15:25:02,253 | INFO | Model serialized: 08-06-2026-15-25-01.pkl
2026-06-08 15:25:28,486 | INFO | Preparing LSTM time series data...
2026-06-08 15:25:30,631 | INFO | ACF/PACF plots generated.
2026-06-08 15:25:30,645 | INFO | LSTM sequences created. Train: (741, 14, 1)
2026-06-08 15:25:30,708 | INFO | Building LSTM model...
2026-06-08 15:25:51,895 | INFO | LSTM training complete.
2026-06-08 15:25:53,162 | INFO | LSTM RMSE: 539.33
2026-06-08 15:25:53,882 | INFO | Estimating prediction confidence intervals via bootstrap...
2026-06-08 16:02:14,813 | INFO | Confidence interval estimation complete.
2026-06-08 16:02:14,931 | INFO | Serializing model...
2026-06-08 16:02:15,535 | INFO | Model serialized: 08-06-2026-16-02-14.pkl
2026-06-08 16:02:43,401 | INFO | Generating test predictions...
2026-06-08 16:02:43,779 | INFO | Submission saved. Predictions: 41088 rows.
